<?xml version="1.0" encoding="UTF-8"?>
<!-- Generated by org.testng.reporters.JUnitXMLReporter -->
<testsuite hostname="CAD238" ignored="4" name="POMwithPageFactory" tests="8" failures="0" timestamp="17 Jan 2019 17:09:39 GMT" time="0.054" errors="0">
  <testcase name="testMethod1111" time="0.003" classname="com.seleniu.fb.pages.practice.AllTestNGAnnotation"/>
  <testcase name="testMethod11112" time="0.002" classname="com.seleniu.fb.pages.practice.AllTestNGAnnotation"/>
  <testcase name="testMethodBaseTest1" time="0.001" classname="com.seleniu.fb.pages.practice.BaseTestNGAllAnnotation"/>
  <testcase name="testMethodBaseTest12" time="0.001" classname="com.seleniu.fb.pages.practice.BaseTestNGAllAnnotation"/>
  <testcase name="testMethod1222" time="0.001" classname="com.seleniu.fb.pages.practice.AllTestNGAnnotation2"/>
  <testcase name="testMethod2222" time="0.002" classname="com.seleniu.fb.pages.practice.AllTestNGAnnotation2"/>
  <testcase name="testMethodBaseTest1" time="0.001" classname="com.seleniu.fb.pages.practice.BaseTestNGAllAnnotation"/>
  <testcase name="testMethodBaseTest12" time="0.002" classname="com.seleniu.fb.pages.practice.BaseTestNGAllAnnotation"/>
  <testcase name="@BeforeTest testBeforeTestBaseTest1" time="0.0" classname="com.seleniu.fb.pages.practice.BaseTestNGAllAnnotation">
    <ignored/>
  </testcase> <!-- @BeforeTest testBeforeTestBaseTest1 -->
  <testcase name="@BeforeSuite BeforeSuiteBaseTest1" time="0.0" classname="com.seleniu.fb.pages.practice.BaseTestNGAllAnnotation">
    <ignored/>
  </testcase> <!-- @BeforeSuite BeforeSuiteBaseTest1 -->
  <testcase name="@AfterTest afterTestBaseTest1" time="0.0" classname="com.seleniu.fb.pages.practice.BaseTestNGAllAnnotation">
    <ignored/>
  </testcase> <!-- @AfterTest afterTestBaseTest1 -->
  <testcase name="@AfterSuite testAfterSuiteBaseTest111" time="0.0" classname="com.seleniu.fb.pages.practice.BaseTestNGAllAnnotation">
    <ignored/>
  </testcase> <!-- @AfterSuite testAfterSuiteBaseTest111 -->
</testsuite> <!-- POMwithPageFactory -->
